C251 COMPILER V5.60.0,  encode                                                             04/09/24  12:53:35  PAGE 1   


C251 COMPILER V5.60.0, COMPILATION OF MODULE encode
OBJECT MODULE PLACED IN .\Objects\encode.obj
COMPILER INVOKED BY: D:\keilC251\C251\BIN\C251.EXE ..\CODE\encode.c XSMALL INTR2 WARNINGLEVEL(3) BROWSE INCDIR(..\CODE;.
                    -.\USER;..\..\lib\zf_app;..\..\lib\zf_base;..\..\lib\zf_bsp) DEBUG PRINT(.\Listings\encode.lst) TABS(2) OBJECT(.\Objects\
                    -encode.obj) 

stmt  level    source

    1          #include "headfile.h"
    2          int l_speed_add=0;
    3          int r_speed_add=0;
    4          int l_speed_add_temp=0;
    5          int r_speed_add_temp=0;
    6          int encoder_L_get(void)
    7          {
    8   1        int temp;
    9   1           if(DIR_Encoder_L == 1)
   10   1           {
   11   2            temp = ctimer_count_read(Encoder_L);
   12   2           }     // 左右轮当前速度
   13   1           else
   14   1           {
   15   2            temp = 0-ctimer_count_read(Encoder_L);
   16   2           }
   17   1           l_speed_add_temp=temp;
   18   1           ctimer_count_clean(Encoder_L); // 编码器清零
   19   1      //     l_speed_add = l_speed_add_temp;
   20   1      //     ips114_showuint16(0,0,temp);
   21   1      //  printf("%d\r\n",temp);
   22   1        return temp;
   23   1      }
   24          
   25          
   26          //采集右编码器值
   27          
   28          
   29          int encoder_R_get(void)
   30          {
   31   1      int temp;
   32   1      if(DIR_Encoder_R == 0)
   33   1      {
   34   2          temp = ctimer_count_read(Encoder_R) ; }// 左右轮当前速度
   35   1      else
   36   1      {
   37   2        temp = 0-ctimer_count_read(Encoder_R);
   38   2      }
   39   1      //printf("%d\r\n",temp);
   40   1        r_speed_add_temp=temp;
   41   1        ctimer_count_clean(Encoder_R); // 编码器清零
   42   1      //  r_speed_add = r_speed_add_temp;
   43   1        return temp;
   44   1      }
   45          
   46          
   47          
   48          
   49          
   50          
   51          
   52          
   53          
   54          
   55          


C251 COMPILER V5.60.0,  encode                                                             04/09/24  12:53:35  PAGE 2   

Module Information          Static   Overlayable
------------------------------------------------
  code size            =        87     ------
  ecode size           =    ------     ------
  data size            =    ------     ------
  idata size           =    ------     ------
  pdata size           =    ------     ------
  xdata size           =    ------     ------
  xdata-const size     =    ------     ------
  edata size           =         8     ------
  bit size             =    ------     ------
  ebit size            =    ------     ------
  bitaddressable size  =    ------     ------
  ebitaddressable size =    ------     ------
  far data size        =    ------     ------
  huge data size       =    ------     ------
  const size           =    ------     ------
  hconst size          =        24     ------
End of Module Information.


C251 COMPILATION COMPLETE.  0 WARNING(S),  0 ERROR(S)
